{"C:\\Users\\Dell\\OneDrive\\Desktop\\JavaScript\\getMultiples.js": {"path":"C:\\Users\\Dell\\OneDrive\\Desktop\\JavaScript\\getMultiples.js","all":false,"statementMap":{"0":{"start":{"line":1,"column":0},"end":{"line":1,"column":32}},"1":{"start":{"line":2,"column":0},"end":{"line":2,"column":19}},"2":{"start":{"line":3,"column":0},"end":{"line":3,"column":15}},"3":{"start":{"line":4,"column":0},"end":{"line":4,"column":22}},"4":{"start":{"line":5,"column":0},"end":{"line":5,"column":21}},"5":{"start":{"line":6,"column":0},"end":{"line":6,"column":28}},"6":{"start":{"line":7,"column":0},"end":{"line":7,"column":36}},"7":{"start":{"line":8,"column":0},"end":{"line":8,"column":2}},"8":{"start":{"line":9,"column":0},"end":{"line":9,"column":16}},"9":{"start":{"line":10,"column":0},"end":{"line":10,"column":1}},"10":{"start":{"line":11,"column":0},"end":{"line":11,"column":32}},"11":{"start":{"line":12,"column":0},"end":{"line":12,"column":18}},"12":{"start":{"line":13,"column":0},"end":{"line":13,"column":24}},"13":{"start":{"line":14,"column":0},"end":{"line":14,"column":23}},"14":{"start":{"line":15,"column":0},"end":{"line":15,"column":26}},"15":{"start":{"line":16,"column":0},"end":{"line":16,"column":2}},"16":{"start":{"line":17,"column":0},"end":{"line":17,"column":17}},"17":{"start":{"line":18,"column":0},"end":{"line":18,"column":1}},"18":{"start":{"line":19,"column":0},"end":{"line":19,"column":0}},"19":{"start":{"line":20,"column":0},"end":{"line":20,"column":46}},"20":{"start":{"line":21,"column":0},"end":{"line":21,"column":40}},"21":{"start":{"line":22,"column":0},"end":{"line":22,"column":14}},"22":{"start":{"line":23,"column":0},"end":{"line":23,"column":1}},"23":{"start":{"line":24,"column":0},"end":{"line":24,"column":0}},"24":{"start":{"line":25,"column":0},"end":{"line":25,"column":50}},"25":{"start":{"line":26,"column":0},"end":{"line":26,"column":41}},"26":{"start":{"line":27,"column":0},"end":{"line":27,"column":15}},"27":{"start":{"line":28,"column":0},"end":{"line":28,"column":1}},"28":{"start":{"line":29,"column":0},"end":{"line":29,"column":0}},"29":{"start":{"line":30,"column":0},"end":{"line":30,"column":40}},"30":{"start":{"line":31,"column":0},"end":{"line":31,"column":35}},"31":{"start":{"line":32,"column":0},"end":{"line":32,"column":14}},"32":{"start":{"line":33,"column":0},"end":{"line":33,"column":1}},"33":{"start":{"line":34,"column":0},"end":{"line":34,"column":0}},"34":{"start":{"line":35,"column":0},"end":{"line":35,"column":21}},"35":{"start":{"line":36,"column":0},"end":{"line":36,"column":43}},"36":{"start":{"line":37,"column":0},"end":{"line":37,"column":25}},"37":{"start":{"line":38,"column":0},"end":{"line":38,"column":36}},"38":{"start":{"line":39,"column":0},"end":{"line":39,"column":34}},"39":{"start":{"line":40,"column":0},"end":{"line":40,"column":37}},"40":{"start":{"line":41,"column":0},"end":{"line":41,"column":4}},"41":{"start":{"line":42,"column":0},"end":{"line":42,"column":23}},"42":{"start":{"line":43,"column":0},"end":{"line":43,"column":1}},"43":{"start":{"line":44,"column":0},"end":{"line":44,"column":0}},"44":{"start":{"line":45,"column":0},"end":{"line":45,"column":42}},"45":{"start":{"line":46,"column":0},"end":{"line":46,"column":23}},"46":{"start":{"line":47,"column":0},"end":{"line":47,"column":37}},"47":{"start":{"line":48,"column":0},"end":{"line":48,"column":25}},"48":{"start":{"line":49,"column":0},"end":{"line":49,"column":31}},"49":{"start":{"line":50,"column":0},"end":{"line":50,"column":6}},"50":{"start":{"line":51,"column":0},"end":{"line":51,"column":5}},"51":{"start":{"line":52,"column":0},"end":{"line":52,"column":21}},"52":{"start":{"line":53,"column":0},"end":{"line":53,"column":1}},"53":{"start":{"line":54,"column":0},"end":{"line":54,"column":116}}},"s":{"0":1,"1":1,"2":1,"3":1,"4":6,"5":6,"6":6,"7":6,"8":1,"9":1,"10":1,"11":1,"12":1,"13":6,"14":6,"15":6,"16":1,"17":1,"18":1,"19":1,"20":1,"21":1,"22":1,"23":1,"24":1,"25":1,"26":1,"27":1,"28":1,"29":1,"30":1,"31":1,"32":1,"33":1,"34":1,"35":1,"36":1,"37":1,"38":6,"39":6,"40":1,"41":1,"42":1,"43":1,"44":1,"45":1,"46":1,"47":6,"48":3,"49":6,"50":1,"51":1,"52":1,"53":1},"branchMap":{"0":{"type":"branch","line":1,"loc":{"start":{"line":1,"column":23},"end":{"line":10,"column":1}},"locations":[{"start":{"line":1,"column":23},"end":{"line":10,"column":1}}]},"1":{"type":"branch","line":4,"loc":{"start":{"line":4,"column":21},"end":{"line":8,"column":2}},"locations":[{"start":{"line":4,"column":21},"end":{"line":8,"column":2}}]},"2":{"type":"branch","line":7,"loc":{"start":{"line":7,"column":3},"end":{"line":7,"column":36}},"locations":[{"start":{"line":7,"column":3},"end":{"line":7,"column":36}}]},"3":{"type":"branch","line":11,"loc":{"start":{"line":11,"column":23},"end":{"line":18,"column":1}},"locations":[{"start":{"line":11,"column":23},"end":{"line":18,"column":1}}]},"4":{"type":"branch","line":13,"loc":{"start":{"line":13,"column":23},"end":{"line":16,"column":2}},"locations":[{"start":{"line":13,"column":23},"end":{"line":16,"column":2}}]},"5":{"type":"branch","line":15,"loc":{"start":{"line":15,"column":3},"end":{"line":15,"column":26}},"locations":[{"start":{"line":15,"column":3},"end":{"line":15,"column":26}}]},"6":{"type":"branch","line":20,"loc":{"start":{"line":20,"column":15},"end":{"line":23,"column":1}},"locations":[{"start":{"line":20,"column":15},"end":{"line":23,"column":1}}]},"7":{"type":"branch","line":25,"loc":{"start":{"line":25,"column":0},"end":{"line":28,"column":1}},"locations":[{"start":{"line":25,"column":0},"end":{"line":28,"column":1}}]},"8":{"type":"branch","line":30,"loc":{"start":{"line":30,"column":0},"end":{"line":33,"column":1}},"locations":[{"start":{"line":30,"column":0},"end":{"line":33,"column":1}}]},"9":{"type":"branch","line":36,"loc":{"start":{"line":36,"column":0},"end":{"line":43,"column":1}},"locations":[{"start":{"line":36,"column":0},"end":{"line":43,"column":1}}]},"10":{"type":"branch","line":38,"loc":{"start":{"line":38,"column":24},"end":{"line":41,"column":2}},"locations":[{"start":{"line":38,"column":24},"end":{"line":41,"column":2}}]},"11":{"type":"branch","line":45,"loc":{"start":{"line":45,"column":24},"end":{"line":53,"column":1}},"locations":[{"start":{"line":45,"column":24},"end":{"line":53,"column":1}}]},"12":{"type":"branch","line":47,"loc":{"start":{"line":47,"column":26},"end":{"line":51,"column":3}},"locations":[{"start":{"line":47,"column":26},"end":{"line":51,"column":3}}]},"13":{"type":"branch","line":48,"loc":{"start":{"line":48,"column":24},"end":{"line":50,"column":5}},"locations":[{"start":{"line":48,"column":24},"end":{"line":50,"column":5}}]}},"b":{"0":[1],"1":[6],"2":[3],"3":[1],"4":[6],"5":[3],"6":[1],"7":[1],"8":[1],"9":[1],"10":[6],"11":[1],"12":[6],"13":[3]},"fnMap":{"0":{"name":"getOddNumberz","decl":{"start":{"line":1,"column":23},"end":{"line":10,"column":1}},"loc":{"start":{"line":1,"column":23},"end":{"line":10,"column":1}},"line":1},"1":{"name":"getOddNumbers","decl":{"start":{"line":11,"column":23},"end":{"line":18,"column":1}},"loc":{"start":{"line":11,"column":23},"end":{"line":18,"column":1}},"line":11},"2":{"name":"divide","decl":{"start":{"line":20,"column":15},"end":{"line":23,"column":1}},"loc":{"start":{"line":20,"column":15},"end":{"line":23,"column":1}},"line":20},"3":{"name":"addTwoNumbers","decl":{"start":{"line":25,"column":0},"end":{"line":28,"column":1}},"loc":{"start":{"line":25,"column":0},"end":{"line":28,"column":1}},"line":25},"4":{"name":"multiply","decl":{"start":{"line":30,"column":0},"end":{"line":33,"column":1}},"loc":{"start":{"line":30,"column":0},"end":{"line":33,"column":1}},"line":30},"5":{"name":"getDoubledNumbers","decl":{"start":{"line":36,"column":0},"end":{"line":43,"column":1}},"loc":{"start":{"line":36,"column":0},"end":{"line":43,"column":1}},"line":36},"6":{"name":"getEvenNumbers","decl":{"start":{"line":45,"column":24},"end":{"line":53,"column":1}},"loc":{"start":{"line":45,"column":24},"end":{"line":53,"column":1}},"line":45}},"f":{"0":1,"1":1,"2":1,"3":1,"4":1,"5":1,"6":1}}
}
