TN:
SF:getMultiples.js
FN:1,getOddNumberz
FN:11,getOddNumbers
FN:20,divide
FN:25,addTwoNumbers
FN:30,multiply
FN:36,getDoubledNumbers
FN:45,getEvenNumbers
FNF:7
FNH:7
FNDA:1,getOddNumberz
FNDA:1,getOddNumbers
FNDA:1,divide
FNDA:1,addTwoNumbers
FNDA:1,multiply
FNDA:1,getDoubledNumbers
FNDA:1,getEvenNumbers
DA:1,1
DA:2,1
DA:3,1
DA:4,1
DA:5,6
DA:6,6
DA:7,6
DA:8,6
DA:9,1
DA:10,1
DA:11,1
DA:12,1
DA:13,1
DA:14,6
DA:15,6
DA:16,6
DA:17,1
DA:18,1
DA:19,1
DA:20,1
DA:21,1
DA:22,1
DA:23,1
DA:24,1
DA:25,1
DA:26,1
DA:27,1
DA:28,1
DA:29,1
DA:30,1
DA:31,1
DA:32,1
DA:33,1
DA:34,1
DA:35,1
DA:36,1
DA:37,1
DA:38,1
DA:39,6
DA:40,6
DA:41,1
DA:42,1
DA:43,1
DA:44,1
DA:45,1
DA:46,1
DA:47,1
DA:48,6
DA:49,3
DA:50,6
DA:51,1
DA:52,1
DA:53,1
DA:54,1
LF:54
LH:54
BRDA:1,0,0,1
BRDA:4,1,0,6
BRDA:7,2,0,3
BRDA:11,3,0,1
BRDA:13,4,0,6
BRDA:15,5,0,3
BRDA:20,6,0,1
BRDA:25,7,0,1
BRDA:30,8,0,1
BRDA:36,9,0,1
BRDA:38,10,0,6
BRDA:45,11,0,1
BRDA:47,12,0,6
BRDA:48,13,0,3
BRF:14
BRH:14
end_of_record
